<?xml version="1.0" encoding="UTF-8"?>
<testng-results ignored="0" total="1" passed="1" failed="0" skipped="0">
  <reporter-output>
  </reporter-output>
  <suite started-at="2019-09-12T17:44:57Z" name="Default suite" finished-at="2019-09-12T17:45:43Z" duration-ms="45410">
    <groups>
    </groups>
    <test started-at="2019-09-12T17:44:57Z" name="Default test" finished-at="2019-09-12T17:45:43Z" duration-ms="45410">
      <class name="com.qa.interviewtest.readandwriteexcel">
        <test-method signature="initials()[pri:1, instance:com.qa.interviewtest.readandwriteexcel@316bcf94]" started-at="2019-09-12T17:44:57Z" name="initials" finished-at="2019-09-12T17:45:43Z" duration-ms="45326" status="PASS">
          <reporter-output>
          </reporter-output>
        </test-method> <!-- initials -->
      </class> <!-- com.qa.interviewtest.readandwriteexcel -->
    </test> <!-- Default test -->
  </suite> <!-- Default suite -->
</testng-results>
