<?xml version="1.0" encoding="UTF-8"?>
<!-- Generated by org.testng.reporters.JUnitXMLReporter -->
<testsuite ignored="0" hostname="DESKTOP-FCV5DCP" failures="1" tests="6" name="AccountPage " time="88.61" errors="0" timestamp="17 Jun 2019 15:54:22 GMT">
  <testcase classname="com.qa.Testpages.TestAccountPage" name="Testloginpage" time="19.28"/>
  <testcase classname="com.qa.Testpages.TestAccountPage" name="accountpagetitleTest" time="0.104">
    <failure type="java.lang.AssertionError" message="expected [Amazon Registrations2313313] but found [Amazon Registration]">
      <![CDATA[java.lang.AssertionError: expected [Amazon Registrations2313313] but found [Amazon Registration]
at com.qa.Testpages.TestAccountPage.accountpagetitleTest(TestAccountPage.java:99)
... Removed 31 stack frames]]>
    </failure>
  </testcase> <!-- accountpagetitleTest -->
  <testcase classname="com.qa.Testpages.TestAccountPage" name="Testlogodisplay" time="0.072"/>
  <testcase classname="com.qa.Testpages.TestAccountPage" name="CreateaccountTest" time="1.604"/>
  <testcase classname="com.qa.Testpages.TestAccountPage" name="CreateaccountTest" time="1.496"/>
  <testcase classname="com.qa.Testpages.TestAccountPage" name="CreateaccountTest" time="1.384"/>
</testsuite> <!-- AccountPage  -->
