<?xml version="1.0" encoding="UTF-8"?>
<!-- Generated by org.testng.reporters.JUnitXMLReporter -->
<testsuite ignored="0" hostname="DESKTOP-FCV5DCP" failures="0" tests="3" name="Add address " time="136.751" errors="0" timestamp="17 Jun 2019 15:56:39 GMT">
  <testcase classname="com.qa.Testpages.Testaddaddress" name="clickonsignlink" time="37.996"/>
  <testcase classname="com.qa.Testpages.Testaddaddress" name="navigatetoyouraccount" time="20.508"/>
  <testcase classname="com.qa.Testpages.Testaddaddress" name="clickonaddaddress" time="26.141"/>
</testsuite> <!-- Add address  -->
