<?xml version="1.0" encoding="UTF-8"?>
<!-- Generated by org.testng.reporters.JUnitXMLReporter -->
<testsuite ignored="0" hostname="DESKTOP-FCV5DCP" failures="0" tests="5" name="LoginPage " time="124.466" errors="0" timestamp="17 Jun 2019 15:52:53 GMT">
  <testcase classname="com.qa.Testpages.TestLoginPage" name="Testloginpage" time="34.748"/>
  <testcase classname="com.qa.Testpages.TestLoginPage" name="Testpagetitle" time="1.356"/>
  <testcase classname="com.qa.Testpages.TestLoginPage" name="Testlogodisplay" time="0.597"/>
  <testcase classname="com.qa.Testpages.TestLoginPage" name="Testlogin" time="17.473"/>
  <testcase classname="com.qa.Testpages.TestLoginPage" name="Testloggedinuser" time="1.695"/>
</testsuite> <!-- LoginPage  -->
